Sat Jun 30 2018 21:08:06 GMT+0530 (IST) : ::1 GET /
Sat Jun 30 2018 21:08:10 GMT+0530 (IST) : ::1 GET /about
Sat Jun 30 2018 21:09:20 GMT+0530 (IST) :  GET /about
Sat Jun 30 2018 21:09:38 GMT+0530 (IST) : localhost GET /about
Sat Jun 30 2018 21:09:55 GMT+0530 (IST) : localhost GET /about
Sat Jun 30 2018 21:15:11 GMT+0530 (IST) : localhost GET /about
Sat Jun 30 2018 21:16:20 GMT+0530 (IST) : localhost GET /help.html
Sat Jun 30 2018 21:35:59 GMT+0530 (IST) :  GET /help.html
Sat Jun 30 2018 21:36:10 GMT+0530 (IST) :  GET /about
Sat Jun 30 2018 21:38:59 GMT+0530 (IST) :  GET /about
Sat Jun 30 2018 23:01:18 GMT+0530 (IST) :  GET /about
Sun Jul 01 2018 08:13:44 GMT+0530 (IST) :  GET /favicon.ico
Sun Jul 01 2018 08:13:46 GMT+0530 (IST) :  GET /about
Sun Jul 01 2018 08:13:46 GMT+0530 (IST) :  GET /favicon.ico
Sun Jul 01 2018 08:14:40 GMT+0530 (IST) :  GET /about
Sun Jul 01 2018 08:14:50 GMT+0530 (IST) :  GET /about
Sun Jul 01 2018 08:14:50 GMT+0530 (IST) :  GET /favicon.ico
Sun Jul 01 2018 08:14:52 GMT+0530 (IST) :  GET /about
Sun Jul 01 2018 08:14:52 GMT+0530 (IST) :  GET /favicon.ico
Sun Jul 01 2018 08:15:04 GMT+0530 (IST) :  GET /about
Sun Jul 01 2018 08:15:04 GMT+0530 (IST) :  GET /favicon.ico
Sun Jul 01 2018 18:09:01 GMT+0530 (IST) :  GET /
